# JRE version: Java(TM) SE Runtime Environment (8.0_131-b11) (build 1.8.0_131-b11)
# Java VM: Java HotSpot(TM) 64-Bit Server VM (25.131-b11 mixed mode windows-amd64 compressed oops)
Heap:
 PSYoungGen      total 152576K, used 34183K [0x0000000716800000, 0x0000000725c80000, 0x00000007c0000000)
  eden space 131072K, 16% used [0x0000000716800000,0x0000000717cb3f98,0x000000071e800000)
  from space 21504K, 60% used [0x000000071fd00000,0x00000007209ae028,0x0000000721200000)
  to   space 21504K, 0% used [0x000000071e800000,0x000000071e800000,0x000000071fd00000)
 ParOldGen       total 219136K, used 17403K [0x00000005c3800000, 0x00000005d0e00000, 0x0000000716800000)
  object space 219136K, 7% used [0x00000005c3800000,0x00000005c48fef48,0x00000005d0e00000)
 Metaspace       used 25606K, capacity 26376K, committed 26496K, reserved 1073152K
  class space    used 2926K, capacity 3114K, committed 3200K, reserved 1048576K
GC Heap History (10 events):
Event: 3.660 GC heap before
{Heap before GC invocations=1 (full 0):
 PSYoungGen      total 152576K, used 131072K [0x0000000716800000, 0x0000000721200000, 0x00000007c0000000)
  eden space 131072K, 100% used [0x0000000716800000,0x000000071e800000,0x000000071e800000)
  from space 21504K, 0% used [0x000000071fd00000,0x000000071fd00000,0x0000000721200000)
  to   space 21504K, 0% used [0x000000071e800000,0x000000071e800000,0x000000071fd00000)
 ParOldGen       total 348160K, used 0K [0x00000005c3800000, 0x00000005d8c00000, 0x0000000716800000)
  object space 348160K, 0% used [0x00000005c3800000,0x00000005c3800000,0x00000005d8c00000)
 Metaspace       used 15749K, capacity 16008K, committed 16384K, reserved 1062912K
  class space    used 1870K, capacity 1947K, committed 2048K, reserved 1048576K
Event: 3.681 GC heap after
Heap after GC invocations=1 (full 0):
 PSYoungGen      total 152576K, used 16755K [0x0000000716800000, 0x0000000721200000, 0x00000007c0000000)
  eden space 131072K, 0% used [0x0000000716800000,0x0000000716800000,0x000000071e800000)
  from space 21504K, 77% used [0x000000071e800000,0x000000071f85ce00,0x000000071fd00000)
  to   space 21504K, 0% used [0x000000071fd00000,0x000000071fd00000,0x0000000721200000)
 ParOldGen       total 348160K, used 24K [0x00000005c3800000, 0x00000005d8c00000, 0x0000000716800000)
  object space 348160K, 0% used [0x00000005c3800000,0x00000005c3806000,0x00000005d8c00000)
 Metaspace       used 15749K, capacity 16008K, committed 16384K, reserved 1062912K
  class space    used 1870K, capacity 1947K, committed 2048K, reserved 1048576K
}
Event: 6.504 GC heap before
{Heap before GC invocations=2 (full 0):
 PSYoungGen      total 152576K, used 147827K [0x0000000716800000, 0x0000000721200000, 0x00000007c0000000)
  eden space 131072K, 100% used [0x0000000716800000,0x000000071e800000,0x000000071e800000)
  from space 21504K, 77% used [0x000000071e800000,0x000000071f85ce00,0x000000071fd00000)
  to   space 21504K, 0% used [0x000000071fd00000,0x000000071fd00000,0x0000000721200000)
 ParOldGen       total 348160K, used 24K [0x00000005c3800000, 0x00000005d8c00000, 0x0000000716800000)
  object space 348160K, 0% used [0x00000005c3800000,0x00000005c3806000,0x00000005d8c00000)
 Metaspace       used 17943K, capacity 18444K, committed 18688K, reserved 1064960K
  class space    used 2036K, capacity 2195K, committed 2304K, reserved 1048576K
Event: 6.521 GC heap after
Heap after GC invocations=2 (full 0):
 PSYoungGen      total 152576K, used 17248K [0x0000000716800000, 0x0000000721200000, 0x00000007c0000000)
  eden space 131072K, 0% used [0x0000000716800000,0x0000000716800000,0x000000071e800000)
  from space 21504K, 80% used [0x000000071fd00000,0x0000000720dd8398,0x0000000721200000)
  to   space 21504K, 0% used [0x000000071e800000,0x000000071e800000,0x000000071fd00000)
 ParOldGen       total 348160K, used 32K [0x00000005c3800000, 0x00000005d8c00000, 0x0000000716800000)
  object space 348160K, 0% used [0x00000005c3800000,0x00000005c3808000,0x00000005d8c00000)
 Metaspace       used 17943K, capacity 18444K, committed 18688K, reserved 1064960K
  class space    used 2036K, capacity 2195K, committed 2304K, reserved 1048576K
}
Event: 7.383 GC heap before
{Heap before GC invocations=3 (full 0):
 PSYoungGen      total 152576K, used 48826K [0x0000000716800000, 0x0000000721200000, 0x00000007c0000000)
  eden space 131072K, 24% used [0x0000000716800000,0x00000007186d64d8,0x000000071e800000)
  from space 21504K, 80% used [0x000000071fd00000,0x0000000720dd8398,0x0000000721200000)
  to   space 21504K, 0% used [0x000000071e800000,0x000000071e800000,0x000000071fd00000)
 ParOldGen       total 348160K, used 32K [0x00000005c3800000, 0x00000005d8c00000, 0x0000000716800000)
  object space 348160K, 0% used [0x00000005c3800000,0x00000005c3808000,0x00000005d8c00000)
 Metaspace       used 20550K, capacity 21164K, committed 21248K, reserved 1069056K
  class space    used 2365K, capacity 2531K, committed 2560K, reserved 1048576K
Event: 7.395 GC heap after
Heap after GC invocations=3 (full 0):
 PSYoungGen      total 152576K, used 17599K [0x0000000716800000, 0x0000000721200000, 0x00000007c0000000)
  eden space 131072K, 0% used [0x0000000716800000,0x0000000716800000,0x000000071e800000)
  from space 21504K, 81% used [0x000000071e800000,0x000000071f92ff88,0x000000071fd00000)
  to   space 21504K, 0% used [0x000000071fd00000,0x000000071fd00000,0x0000000721200000)
 ParOldGen       total 348160K, used 40K [0x00000005c3800000, 0x00000005d8c00000, 0x0000000716800000)
  object space 348160K, 0% used [0x00000005c3800000,0x00000005c380a000,0x00000005d8c00000)
 Metaspace       used 20550K, capacity 21164K, committed 21248K, reserved 1069056K
  class space    used 2365K, capacity 2531K, committed 2560K, reserved 1048576K
}
Event: 7.395 GC heap before
{Heap before GC invocations=4 (full 1):
 PSYoungGen      total 152576K, used 17599K [0x0000000716800000, 0x0000000721200000, 0x00000007c0000000)
  eden space 131072K, 0% used [0x0000000716800000,0x0000000716800000,0x000000071e800000)
  from space 21504K, 81% used [0x000000071e800000,0x000000071f92ff88,0x000000071fd00000)
  to   space 21504K, 0% used [0x000000071fd00000,0x000000071fd00000,0x0000000721200000)
 ParOldGen       total 348160K, used 40K [0x00000005c3800000, 0x00000005d8c00000, 0x0000000716800000)
  object space 348160K, 0% used [0x00000005c3800000,0x00000005c380a000,0x00000005d8c00000)
 Metaspace       used 20550K, capacity 21164K, committed 21248K, reserved 1069056K
  class space    used 2365K, capacity 2531K, committed 2560K, reserved 1048576K
Event: 7.462 GC heap after
Heap after GC invocations=4 (full 1):
 PSYoungGen      total 152576K, used 0K [0x0000000716800000, 0x0000000721200000, 0x00000007c0000000)
  eden space 131072K, 0% used [0x0000000716800000,0x0000000716800000,0x000000071e800000)
  from space 21504K, 0% used [0x000000071e800000,0x000000071e800000,0x000000071fd00000)
  to   space 21504K, 0% used [0x000000071fd00000,0x000000071fd00000,0x0000000721200000)
 ParOldGen       total 219136K, used 17403K [0x00000005c3800000, 0x00000005d0e00000, 0x0000000716800000)
  object space 219136K, 7% used [0x00000005c3800000,0x00000005c48fef48,0x00000005d0e00000)
 Metaspace       used 20550K, capacity 21164K, committed 21248K, reserved 1069056K
  class space    used 2365K, capacity 2531K, committed 2560K, reserved 1048576K
}
Event: 9.552 GC heap before
{Heap before GC invocations=5 (full 1):
 PSYoungGen      total 152576K, used 131072K [0x0000000716800000, 0x0000000721200000, 0x00000007c0000000)
  eden space 131072K, 100% used [0x0000000716800000,0x000000071e800000,0x000000071e800000)
  from space 21504K, 0% used [0x000000071e800000,0x000000071e800000,0x000000071fd00000)
  to   space 21504K, 0% used [0x000000071fd00000,0x000000071fd00000,0x0000000721200000)
 ParOldGen       total 219136K, used 17403K [0x00000005c3800000, 0x00000005d0e00000, 0x0000000716800000)
  object space 219136K, 7% used [0x00000005c3800000,0x00000005c48fef48,0x00000005d0e00000)
 Metaspace       used 24935K, capacity 25736K, committed 25856K, reserved 1073152K
  class space    used 2864K, capacity 3050K, committed 3072K, reserved 1048576K
Event: 9.609 GC heap after
Heap after GC invocations=5 (full 1):
 PSYoungGen      total 152576K, used 12984K [0x0000000716800000, 0x0000000725c80000, 0x00000007c0000000)
  eden space 131072K, 0% used [0x0000000716800000,0x0000000716800000,0x000000071e800000)
  from space 21504K, 60% used [0x000000071fd00000,0x00000007209ae028,0x0000000721200000)
  to   space 21504K, 0% used [0x000000071e800000,0x000000071e800000,0x000000071fd00000)
 ParOldGen       total 219136K, used 17403K [0x00000005c3800000, 0x00000005d0e00000, 0x0000000716800000)
  object space 219136K, 7% used [0x00000005c3800000,0x00000005c48fef48,0x00000005d0e00000)
 Metaspace       used 24935K, capacity 25736K, committed 25856K, reserved 1073152K
  class space    used 2864K, capacity 3050K, committed 3072K, reserved 1048576K
}

